{"level":"info","message":"Database connected successfully","timestamp":"2026-04-13T11:38:29.691Z"}
{"level":"info","message":"Server Running on port 3001","timestamp":"2026-04-13T11:38:29.700Z"}
{"level":"info","message":"Database connected successfully","timestamp":"2026-04-13T11:39:13.254Z"}
{"level":"info","message":"Server Running on port 3001","timestamp":"2026-04-13T11:39:13.264Z"}
{"level":"info","message":"Product added: prod 8","timestamp":"2026-04-13T11:39:31.754Z"}
{"level":"info","message":"POST /products - Product Created: prod 8 (ID: 9)","timestamp":"2026-04-13T11:39:31.755Z"}
{"level":"info","message":"GET /products - Found 1 products (Total: 8)","timestamp":"2026-04-13T11:39:37.530Z"}
{"level":"info","message":"Database connected successfully","timestamp":"2026-04-13T11:40:55.269Z"}
{"level":"info","message":"Server Running on port 3001","timestamp":"2026-04-13T11:40:55.283Z"}
{"level":"info","message":"Product added: prod 8","timestamp":"2026-04-13T11:41:07.072Z"}
{"level":"info","message":"POST /products - Product Created: prod 8 (ID: 10)","timestamp":"2026-04-13T11:41:07.072Z"}
{"level":"info","message":"Database connected successfully","timestamp":"2026-04-13T11:42:05.237Z"}
{"level":"info","message":"Server Running on port 3001","timestamp":"2026-04-13T11:42:05.252Z"}
{"level":"info","message":"Database connected successfully","timestamp":"2026-04-13T11:45:58.236Z"}
{"level":"info","message":"Server Running on port 3001","timestamp":"2026-04-13T11:45:58.245Z"}
{"level":"info","message":"Database connected successfully","timestamp":"2026-04-13T11:46:24.451Z"}
{"level":"info","message":"Server Running on port 3001","timestamp":"2026-04-13T11:46:24.460Z"}
{"level":"info","message":"Database connected successfully","timestamp":"2026-04-13T11:48:39.147Z"}
{"level":"info","message":"Server Running on port 3001","timestamp":"2026-04-13T11:48:39.158Z"}
{"level":"error","message":"GET /products - Error: AggregateError","timestamp":"2026-04-13T11:49:32.669Z"}
{"level":"info","message":"GET /products - Found 1 products (Total: 9)","timestamp":"2026-04-13T11:49:54.855Z"}
{"level":"info","message":"Database connected successfully","timestamp":"2026-04-13T11:51:51.514Z"}
{"level":"info","message":"Server Running on port 3001","timestamp":"2026-04-13T11:51:51.523Z"}
{"level":"info","message":"Database connected successfully","timestamp":"2026-04-13T11:52:08.823Z"}
{"level":"info","message":"Server Running on port 3001","timestamp":"2026-04-13T11:52:08.833Z"}
{"level":"info","message":"Database connected successfully","timestamp":"2026-04-13T11:52:34.410Z"}
{"level":"info","message":"Server Running on port 3001","timestamp":"2026-04-13T11:52:34.419Z"}
{"level":"info","message":"Database connected successfully","timestamp":"2026-04-13T11:52:53.221Z"}
{"level":"info","message":"Server Running on port 3001","timestamp":"2026-04-13T11:52:53.232Z"}
{"level":"info","message":"Database connected successfully","timestamp":"2026-04-13T11:54:00.954Z"}
{"level":"info","message":"Server Running on port 3001","timestamp":"2026-04-13T11:54:00.963Z"}
{"level":"info","message":"Database connected successfully","timestamp":"2026-04-13T11:54:28.780Z"}
{"level":"info","message":"Server Running on port 3001","timestamp":"2026-04-13T11:54:28.788Z"}
{"level":"info","message":"Database connected successfully","timestamp":"2026-04-13T11:54:48.205Z"}
{"level":"info","message":"Server Running on port 3001","timestamp":"2026-04-13T11:54:48.215Z"}
{"level":"info","message":"Database connected successfully","timestamp":"2026-04-13T11:58:42.138Z"}
{"level":"info","message":"Server Running on port 3001","timestamp":"2026-04-13T11:58:42.147Z"}
{"level":"info","message":"User registered: med_oussous","timestamp":"2026-04-13T11:58:51.795Z"}
{"level":"info","message":"Database connected successfully","timestamp":"2026-04-13T12:04:35.845Z"}
{"level":"info","message":"Server Running on port 3001","timestamp":"2026-04-13T12:04:35.858Z"}
{"level":"info","message":"Database connected successfully","timestamp":"2026-04-13T12:06:16.965Z"}
{"level":"info","message":"Server Running on port 3001","timestamp":"2026-04-13T12:06:16.977Z"}
{"level":"info","message":"User logged in: med_oussous","timestamp":"2026-04-13T12:06:22.263Z"}
{"level":"info","message":"Database connected successfully","timestamp":"2026-04-13T12:09:15.214Z"}
{"level":"info","message":"Server Running on port 3001","timestamp":"2026-04-13T12:09:15.224Z"}
{"level":"info","message":"Product added: prod 9","timestamp":"2026-04-13T12:09:19.585Z"}
{"level":"info","message":"POST /products - Product Created: prod 9 (ID: 11)","timestamp":"2026-04-13T12:09:19.587Z"}
